Sender: LSF System <lsfadmin@nodem135>
Subject: Job 69823364[5]: <PBMCdemo_MICA_Transform.1[1-6]> in cluster <hpcf_research_cluster> Done

Job <PBMCdemo_MICA_Transform.1[1-6]> was submitted from host <nodem132> by user <cqian> in cluster <hpcf_research_cluster> at Fri Dec 21 15:57:49 2018.
Job was executed on host(s) <nodem135>, in queue <compbio>, as user <cqian> in cluster <hpcf_research_cluster> at Fri Dec 21 15:58:01 2018.
</home/cqian> was used as the home directory.
</home/cqian/PBMCdemo> was used as the working directory.
Started at Fri Dec 21 15:58:01 2018.
Terminated at Fri Dec 21 15:58:03 2018.
Results reported at Fri Dec 21 15:58:03 2018.

Your job looked like:

------------------------------------------------------------
# LSBATCH: User input
_phoenix_sub_line_from_cmdfile /home/cqian/PBMCdemo/scMINER_PBMCdemo/scMINER_MICA/.tmp/03_Share_PBMCdemo_mds.sh
------------------------------------------------------------

Successfully completed.

Resource usage summary:

    CPU time :                                   0.09 sec.
    Max Memory :                                 5 MB
    Average Memory :                             5.00 MB
    Total Requested Memory :                     2000.00 MB
    Delta Memory :                               1995.00 MB
    Max Swap :                                   44 MB
    Max Processes :                              1
    Max Threads :                                1
    Run time :                                   2 sec.
    Turnaround time :                            14 sec.

The output (if any) follows:



PS:

Read file </home/cqian/PBMCdemo/scMINER_PBMCdemo/scMINER_MICA/.tmp/.log/PBMCdemo_MICA_Transform.0.69823364.5.err> for stderr output of this job.

