Sender: LSF System <lsfadmin@nodem137>
Subject: Job 69823323[2]: <PBMCdemo_MICA_CClust[1-4]> in cluster <hpcf_research_cluster> Done

Job <PBMCdemo_MICA_CClust[1-4]> was submitted from host <nodem132> by user <cqian> in cluster <hpcf_research_cluster> at Fri Dec 21 15:32:16 2018.
Job was executed on host(s) <nodem137>, in queue <compbio>, as user <cqian> in cluster <hpcf_research_cluster> at Fri Dec 21 15:32:27 2018.
</home/cqian> was used as the home directory.
</home/cqian/PBMCdemo> was used as the working directory.
Started at Fri Dec 21 15:32:27 2018.
Terminated at Fri Dec 21 15:32:31 2018.
Results reported at Fri Dec 21 15:32:31 2018.

Your job looked like:

------------------------------------------------------------
# LSBATCH: User input
_phoenix_sub_line_from_cmdfile /home/cqian/PBMCdemo/scMINER_PBMCdemo/scMINER_MICA/.tmp/06_CClust_PBMCdemo_mds.sh
------------------------------------------------------------

Successfully completed.

Resource usage summary:

    CPU time :                                   3.33 sec.
    Max Memory :                                 96 MB
    Average Memory :                             96.00 MB
    Total Requested Memory :                     2000.00 MB
    Delta Memory :                               1904.00 MB
    Max Swap :                                   1410 MB
    Max Processes :                              4
    Max Threads :                                5
    Run time :                                   4 sec.
    Turnaround time :                            15 sec.

The output (if any) follows:



PS:

Read file </home/cqian/PBMCdemo/scMINER_PBMCdemo/scMINER_MICA/.tmp/.log/PBMCdemo_MICA_Cclust.69823323.2.err> for stderr output of this job.

