Sender: LSF System <lsfadmin@nodem132>
Subject: Job 69823360: <PBMCdemo_MICA_Clust> in cluster <hpcf_research_cluster> Done

Job <PBMCdemo_MICA_Clust> was submitted from host <nodem141> by user <cqian> in cluster <hpcf_research_cluster> at Fri Dec 21 15:56:24 2018.
Job was executed on host(s) <nodem132>, in queue <compbio>, as user <cqian> in cluster <hpcf_research_cluster> at Fri Dec 21 15:56:33 2018.
</home/cqian> was used as the home directory.
</home/cqian/PBMCdemo> was used as the working directory.
Started at Fri Dec 21 15:56:33 2018.
Terminated at Fri Dec 21 16:05:58 2018.
Results reported at Fri Dec 21 16:05:58 2018.

Your job looked like:

------------------------------------------------------------
# LSBATCH: User input
sh /home/cqian/PBMCdemo//scMINER_PBMCdemo/scMINER_MICA/.tmp/00_Clust_PBMCdemo_mds.sh
------------------------------------------------------------

Successfully completed.

Resource usage summary:

    CPU time :                                   3.61 sec.
    Max Memory :                                 19 MB
    Average Memory :                             18.33 MB
    Total Requested Memory :                     2000.00 MB
    Delta Memory :                               1981.00 MB
    Max Swap :                                   687 MB
    Max Processes :                              7
    Max Threads :                                8
    Run time :                                   564 sec.
    Turnaround time :                            574 sec.

The output (if any) follows:

[INFO] Splitting jobids 69823361
[INFO] Reading bjobs
[INFO] Reading jobs from bjobs
[INFO] Sleeping for 37 seconds between each update
[UPDATE][69823361] 2018-12-21 15:56:35 nPEND nRUN nDONE nREQUEUE nFAIL =     1     0     0     0     0
[UPDATE][69823361] 2018-12-21 15:57:12 nPEND nRUN nDONE nREQUEUE nFAIL =     0     0     1     0     0
[INFO] Splitting jobids 69823364
[INFO] Reading bjobs
[INFO] Reading jobs from bjobs
[INFO] Sleeping for 37 seconds between each update
[UPDATE][69823364] 2018-12-21 15:57:50 nPEND nRUN nDONE nREQUEUE nFAIL =     6     0     0     0     0
[UPDATE][69823364] 2018-12-21 15:58:28 nPEND nRUN nDONE nREQUEUE nFAIL =     0     0     6     0     0
[INFO] Splitting jobids 69823367
[INFO] Reading bjobs
[INFO] Reading jobs from bjobs
[INFO] Sleeping for 37 seconds between each update
[UPDATE][69823367] 2018-12-21 15:59:05 nPEND nRUN nDONE nREQUEUE nFAIL =    40     0     0     0     0
[UPDATE][69823367] 2018-12-21 15:59:42 nPEND nRUN nDONE nREQUEUE nFAIL =     0     0    40     0     0
[INFO] Splitting jobids 69823370
[INFO] Reading bjobs
[INFO] Reading jobs from bjobs
[INFO] Sleeping for 37 seconds between each update
[UPDATE][69823370] 2018-12-21 16:00:20 nPEND nRUN nDONE nREQUEUE nFAIL =    40     0     0     0     0
[UPDATE][69823370] 2018-12-21 16:00:57 nPEND nRUN nDONE nREQUEUE nFAIL =     0     2    38     0     0
[UPDATE][69823370] 2018-12-21 16:01:34 nPEND nRUN nDONE nREQUEUE nFAIL =     0     0    40     0     0
[INFO] Splitting jobids 69823373
[INFO] Reading bjobs
[INFO] Reading jobs from bjobs
[INFO] Sleeping for 37 seconds between each update
[UPDATE][69823373] 2018-12-21 16:02:13 nPEND nRUN nDONE nREQUEUE nFAIL =     4     0     0     0     0
[UPDATE][69823373] 2018-12-21 16:02:50 nPEND nRUN nDONE nREQUEUE nFAIL =     0     0     4     0     0
[INFO] Splitting jobids 69823377
[INFO] Reading bjobs
[INFO] Reading jobs from bjobs
[INFO] Sleeping for 37 seconds between each update
[UPDATE][69823377] 2018-12-21 16:03:28 nPEND nRUN nDONE nREQUEUE nFAIL =     4     0     0     0     0
[UPDATE][69823377] 2018-12-21 16:04:06 nPEND nRUN nDONE nREQUEUE nFAIL =     0     0     4     0     0
[INFO] Splitting jobids 69823382
[INFO] Reading bjobs
[INFO] Reading jobs from bjobs
[INFO] Sleeping for 37 seconds between each update
[UPDATE][69823382] 2018-12-21 16:04:43 nPEND nRUN nDONE nREQUEUE nFAIL =     4     0     0     0     0
[UPDATE][69823382] 2018-12-21 16:05:20 nPEND nRUN nDONE nREQUEUE nFAIL =     0     0     4     0     0


PS:

Read file </home/cqian/PBMCdemo//scMINER_PBMCdemo/scMINER_MICA/.tmp/.log/PBMCdemo_MICA_Clust.err> for stderr output of this job.

