Sender: LSF System <lsfadmin@nodem136>
Subject: Job 69823319[16]: <PBMCdemo_MICA_Kmeans.0[1-40]> in cluster <hpcf_research_cluster> Done

Job <PBMCdemo_MICA_Kmeans.0[1-40]> was submitted from host <nodem132> by user <cqian> in cluster <hpcf_research_cluster> at Fri Dec 21 15:29:09 2018.
Job was executed on host(s) <nodem136>, in queue <compbio>, as user <cqian> in cluster <hpcf_research_cluster> at Fri Dec 21 15:29:17 2018.
</home/cqian> was used as the home directory.
</home/cqian/PBMCdemo> was used as the working directory.
Started at Fri Dec 21 15:29:17 2018.
Terminated at Fri Dec 21 15:29:18 2018.
Results reported at Fri Dec 21 15:29:18 2018.

Your job looked like:

------------------------------------------------------------
# LSBATCH: User input
_phoenix_sub_line_from_cmdfile /home/cqian/PBMCdemo/scMINER_PBMCdemo/scMINER_MICA/.tmp/04_Prep_PBMCdemo_mds.sh
------------------------------------------------------------

Successfully completed.

Resource usage summary:

    CPU time :                                   0.08 sec.
    Max Memory :                                 -
    Average Memory :                             -
    Total Requested Memory :                     2000.00 MB
    Delta Memory :                               -
    Max Swap :                                   -
    Max Processes :                              -
    Max Threads :                                -
    Run time :                                   1 sec.
    Turnaround time :                            9 sec.

The output (if any) follows:



PS:

Read file </home/cqian/PBMCdemo/scMINER_PBMCdemo/scMINER_MICA/.tmp/.log/PBMCdemo_MICA_Kmeans.0.69823319.16.err> for stderr output of this job.

