Sender: LSF System <lsfadmin@nodem134>
Subject: Job 69823377[2]: <PBMCdemo_MICA_GGplot[1-4]> in cluster <hpcf_research_cluster> Done

Job <PBMCdemo_MICA_GGplot[1-4]> was submitted from host <nodem132> by user <cqian> in cluster <hpcf_research_cluster> at Fri Dec 21 16:03:27 2018.
Job was executed on host(s) <nodem134>, in queue <compbio>, as user <cqian> in cluster <hpcf_research_cluster> at Fri Dec 21 16:03:33 2018.
</home/cqian> was used as the home directory.
</home/cqian/PBMCdemo> was used as the working directory.
Started at Fri Dec 21 16:03:33 2018.
Terminated at Fri Dec 21 16:03:35 2018.
Results reported at Fri Dec 21 16:03:35 2018.

Your job looked like:

------------------------------------------------------------
# LSBATCH: User input
_phoenix_sub_line_from_cmdfile /home/cqian/PBMCdemo/scMINER_PBMCdemo/scMINER_MICA/.tmp/07_GGplot_PBMCdemo_mds.sh
------------------------------------------------------------

Successfully completed.

Resource usage summary:

    CPU time :                                   1.70 sec.
    Max Memory :                                 67 MB
    Average Memory :                             67.00 MB
    Total Requested Memory :                     2000.00 MB
    Delta Memory :                               1933.00 MB
    Max Swap :                                   481 MB
    Max Processes :                              4
    Max Threads :                                5
    Run time :                                   2 sec.
    Turnaround time :                            8 sec.

The output (if any) follows:



PS:

Read file </home/cqian/PBMCdemo/scMINER_PBMCdemo/scMINER_MICA/.tmp/.log/PBMCdemo_MICA_Ggplot.69823377.2.err> for stderr output of this job.

