Sender: LSF System <lsfadmin@nodecn259>
Subject: Job 70847806[1]: <MemoryT_981_981_190_SJARACNE_Consensus[1-1]> in cluster <hpcf_research_cluster> Done

Job <MemoryT_981_981_190_SJARACNE_Consensus[1-1]> was submitted from host <nodem105> by user <cqian> in cluster <hpcf_research_cluster> at Wed Jan 16 15:28:06 2019.
Job was executed on host(s) <nodecn259>, in queue <compbio>, as user <cqian> in cluster <hpcf_research_cluster> at Wed Jan 16 15:28:08 2019.
</home/cqian> was used as the home directory.
</home/cqian/PBMCdemo/Sjaracne> was used as the working directory.
Started at Wed Jan 16 15:28:08 2019.
Terminated at Wed Jan 16 15:28:26 2019.
Results reported at Wed Jan 16 15:28:26 2019.

Your job looked like:

------------------------------------------------------------
# LSBATCH: User input
_phoenix_sub_line_from_cmdfile /home/cqian/PBMCdemo/Sjaracne/MemoryT_981_981_190/tf/scMINER_MemoryT_981_981_190/scMINER_SJARACNE_scripts/03_getconsensusnetwork_MemoryT_981_981_190.sh
------------------------------------------------------------

Successfully completed.

Resource usage summary:

    CPU time :                                   5.33 sec.
    Max Memory :                                 49 MB
    Average Memory :                             26.50 MB
    Total Requested Memory :                     2000.00 MB
    Delta Memory :                               1951.00 MB
    Max Swap :                                   1428 MB
    Max Processes :                              4
    Max Threads :                                32
    Run time :                                   18 sec.
    Turnaround time :                            20 sec.

The output (if any) follows:



PS:

Read file </home/cqian/PBMCdemo/Sjaracne/MemoryT_981_981_190/tf/scMINER_MemoryT_981_981_190/scMINER_SJARACNE_log/MemoryT_981_981_190_SJARACNE_Consensus.70847806.1.err> for stderr output of this job.

