Sender: LSF System <lsfadmin@nodem112>
Subject: Job 71351752[1]: <MemoryT_981_981_190_SJARACNE_Enhanced[1-1]> in cluster <hpcf_research_cluster> Done

Job <MemoryT_981_981_190_SJARACNE_Enhanced[1-1]> was submitted from host <nodem133> by user <cqian> in cluster <hpcf_research_cluster> at Mon Jan 28 15:44:35 2019.
Job was executed on host(s) <nodem112>, in queue <compbio>, as user <cqian> in cluster <hpcf_research_cluster> at Mon Jan 28 15:44:37 2019.
</home/cqian> was used as the home directory.
</home/cqian/PBMCdemo/Sjaracne> was used as the working directory.
Started at Mon Jan 28 15:44:37 2019.
Terminated at Mon Jan 28 15:44:49 2019.
Results reported at Mon Jan 28 15:44:49 2019.

Your job looked like:

------------------------------------------------------------
# LSBATCH: User input
_phoenix_sub_line_from_cmdfile /home/cqian/PBMCdemo/Sjaracne/MemoryT_981_981_190/tf/scMINER_MemoryT_981_981_190/scMINER_SJARACNE_scripts/04_getenhancedconsensusnetwork_MemoryT_981_981_190.sh
------------------------------------------------------------

Successfully completed.

Resource usage summary:

    CPU time :                                   6.39 sec.
    Max Memory :                                 88 MB
    Average Memory :                             77.00 MB
    Total Requested Memory :                     2000.00 MB
    Delta Memory :                               1912.00 MB
    Max Swap :                                   1313 MB
    Max Processes :                              4
    Max Threads :                                20
    Run time :                                   12 sec.
    Turnaround time :                            14 sec.

The output (if any) follows:



PS:

Read file </home/cqian/PBMCdemo/Sjaracne/MemoryT_981_981_190/tf/scMINER_MemoryT_981_981_190/scMINER_SJARACNE_log/MemoryT_981_981_190_SJARACNE_Enhanced.71351752.1.err> for stderr output of this job.

