Sender: LSF System <lsfadmin@nodecn125>
Subject: Job 71351358[45]: <CD8eff_726_726_65_SJARACNE_Bootstrap[1-100]> in cluster <hpcf_research_cluster> Done

Job <CD8eff_726_726_65_SJARACNE_Bootstrap[1-100]> was submitted from host <nodem103> by user <cqian> in cluster <hpcf_research_cluster> at Mon Jan 28 15:41:05 2019.
Job was executed on host(s) <nodecn125>, in queue <compbio>, as user <cqian> in cluster <hpcf_research_cluster> at Mon Jan 28 15:41:17 2019.
</home/cqian> was used as the home directory.
</home/cqian/PBMCdemo/Sjaracne> was used as the working directory.
Started at Mon Jan 28 15:41:17 2019.
Terminated at Mon Jan 28 15:41:23 2019.
Results reported at Mon Jan 28 15:41:23 2019.

Your job looked like:

------------------------------------------------------------
# LSBATCH: User input
_phoenix_sub_line_from_cmdfile /home/cqian/PBMCdemo/Sjaracne/CD8eff_726_726_65/tf/scMINER_CD8eff_726_726_65/scMINER_SJARACNE_scripts/02_bootstrap_CD8eff_726_726_65.sh
------------------------------------------------------------

Successfully completed.

Resource usage summary:

    CPU time :                                   0.65 sec.
    Max Memory :                                 2 MB
    Average Memory :                             2.00 MB
    Total Requested Memory :                     2000.00 MB
    Delta Memory :                               1998.00 MB
    Max Swap :                                   43 MB
    Max Processes :                              1
    Max Threads :                                1
    Run time :                                   5 sec.
    Turnaround time :                            18 sec.

The output (if any) follows:

Displaying parameters

[PARA] Input file:    /home/cqian/PBMCdemo/Sjaracne//CD8eff_726_726_65/CD8eff_726_726_65.exp
[PARA] Output file:   /home/cqian/PBMCdemo/Sjaracne//CD8eff_726_726_65/tf/scMINER_CD8eff_726_726_65/scMINER_SJARACNE_out/CD8eff_726_726_65_run_045.adj
[PARA] MI P-value:    1e-07
[PARA] DPI tolerance: 0
[PARA] Subset of probes to reconstruct: /home/cqian/PBMCdemo/Sjaracne//CD8eff_726_726_65/tf/CD8eff_71_71_65_tf.txt (71)
[PARA] TF annotation list: /home/cqian/PBMCdemo/Sjaracne//CD8eff_726_726_65/tf/CD8eff_71_71_65_tf.txt (71)
[PARA] Npar limit:    40

[READ] 0 Description lines bypassed.
[READ] P-value columns not found.
Marker No: 726 (726 active), Array No: 65
MI threshold determined for p=1e-07: 0.191081
10%, time: 0
20%, time: 1
30%, time: 1
40%, time: 1
50%, time: 1
60%, time: 1
70%, time: 1
80%, time: 1
Gene: 71 Time: 1
[NETWORK] Applying DPI ...
DPI running time is: 0
Writing matrix: /home/cqian/PBMCdemo/Sjaracne//CD8eff_726_726_65/tf/scMINER_CD8eff_726_726_65/scMINER_SJARACNE_out/CD8eff_726_726_65_run_045.adj
Maximum observed npar: 4


PS:

Read file </home/cqian/PBMCdemo/Sjaracne/CD8eff_726_726_65/tf/scMINER_CD8eff_726_726_65/scMINER_SJARACNE_log/CD8eff_726_726_65_SJARACNE_Bootstrap.71351358.45.err> for stderr output of this job.

