Sender: LSF System <lsfadmin@nodem102>
Subject: Job 71351751[1]: <CD8eff_726_726_65_SJARACNE_Enhanced[1-1]> in cluster <hpcf_research_cluster> Done

Job <CD8eff_726_726_65_SJARACNE_Enhanced[1-1]> was submitted from host <nodem103> by user <cqian> in cluster <hpcf_research_cluster> at Mon Jan 28 15:44:35 2019.
Job was executed on host(s) <nodem102>, in queue <compbio>, as user <cqian> in cluster <hpcf_research_cluster> at Mon Jan 28 15:44:37 2019.
</home/cqian> was used as the home directory.
</home/cqian/PBMCdemo/Sjaracne> was used as the working directory.
Started at Mon Jan 28 15:44:37 2019.
Terminated at Mon Jan 28 15:44:47 2019.
Results reported at Mon Jan 28 15:44:47 2019.

Your job looked like:

------------------------------------------------------------
# LSBATCH: User input
_phoenix_sub_line_from_cmdfile /home/cqian/PBMCdemo/Sjaracne/CD8eff_726_726_65/tf/scMINER_CD8eff_726_726_65/scMINER_SJARACNE_scripts/04_getenhancedconsensusnetwork_CD8eff_726_726_65.sh
------------------------------------------------------------

Successfully completed.

Resource usage summary:

    CPU time :                                   4.14 sec.
    Max Memory :                                 59 MB
    Average Memory :                             59.00 MB
    Total Requested Memory :                     2000.00 MB
    Delta Memory :                               1941.00 MB
    Max Swap :                                   1174 MB
    Max Processes :                              4
    Max Threads :                                20
    Run time :                                   10 sec.
    Turnaround time :                            12 sec.

The output (if any) follows:



PS:

Read file </home/cqian/PBMCdemo/Sjaracne/CD8eff_726_726_65/tf/scMINER_CD8eff_726_726_65/scMINER_SJARACNE_log/CD8eff_726_726_65_SJARACNE_Enhanced.71351751.1.err> for stderr output of this job.

