Sender: LSF System <lsfadmin@nodem132>
Subject: Job 69822656: <PBMCdemo_MIE_Pipeline> in cluster <hpcf_research_cluster> Done

Job <PBMCdemo_MIE_Pipeline> was submitted from host <nodecn226> by user <cqian> in cluster <hpcf_research_cluster> at Fri Dec 21 14:58:54 2018.
Job was executed on host(s) <nodem132>, in queue <compbio>, as user <cqian> in cluster <hpcf_research_cluster> at Fri Dec 21 14:59:04 2018.
</home/cqian> was used as the home directory.
</home/cqian/PBMCdemo> was used as the working directory.
Started at Fri Dec 21 14:59:04 2018.
Terminated at Fri Dec 21 15:09:26 2018.
Results reported at Fri Dec 21 15:09:26 2018.

Your job looked like:

------------------------------------------------------------
# LSBATCH: User input
sh /home/cqian/PBMCdemo/scMINER_PBMCdemo/scMINER_MIE_scripts/00_Pipeline_PBMCdemo.sh
------------------------------------------------------------

Successfully completed.

Resource usage summary:

    CPU time :                                   2.14 sec.
    Max Memory :                                 18 MB
    Average Memory :                             16.72 MB
    Total Requested Memory :                     2000.00 MB
    Delta Memory :                               1982.00 MB
    Max Swap :                                   687 MB
    Max Processes :                              7
    Max Threads :                                8
    Run time :                                   621 sec.
    Turnaround time :                            632 sec.

The output (if any) follows:

[INFO] Splitting jobids 69822658
[INFO] Reading bjobs
[INFO] Reading jobs from bjobs
[INFO] Sleeping for 37 seconds between each update
[UPDATE][69822658] 2018-12-21 14:59:07 nPEND nRUN nDONE nREQUEUE nFAIL =     1     0     0     0     0
[UPDATE][69822658] 2018-12-21 14:59:44 nPEND nRUN nDONE nREQUEUE nFAIL =     0     1     0     0     0
[UPDATE][69822658] 2018-12-21 15:00:21 nPEND nRUN nDONE nREQUEUE nFAIL =     0     1     0     0     0
[UPDATE][69822658] 2018-12-21 15:00:58 nPEND nRUN nDONE nREQUEUE nFAIL =     0     1     0     0     0
[UPDATE][69822658] 2018-12-21 15:01:35 nPEND nRUN nDONE nREQUEUE nFAIL =     0     1     0     0     0
[UPDATE][69822658] 2018-12-21 15:02:13 nPEND nRUN nDONE nREQUEUE nFAIL =     0     1     0     0     0
[UPDATE][69822658] 2018-12-21 15:02:50 nPEND nRUN nDONE nREQUEUE nFAIL =     0     1     0     0     0
[UPDATE][69822658] 2018-12-21 15:03:27 nPEND nRUN nDONE nREQUEUE nFAIL =     0     1     0     0     0
[UPDATE][69822658] 2018-12-21 15:04:04 nPEND nRUN nDONE nREQUEUE nFAIL =     0     1     0     0     0
[UPDATE][69822658] 2018-12-21 15:04:41 nPEND nRUN nDONE nREQUEUE nFAIL =     0     0     1     0     0
[INFO] Splitting jobids 69822747
[INFO] Reading bjobs
[INFO] Reading jobs from bjobs
[INFO] Sleeping for 37 seconds between each update
[UPDATE][69822747] 2018-12-21 15:05:50 nPEND nRUN nDONE nREQUEUE nFAIL =     1     0     0     0     0
[UPDATE][69822747] 2018-12-21 15:06:27 nPEND nRUN nDONE nREQUEUE nFAIL =     0     0     1     0     0
[INFO] Splitting jobids 69822751
[INFO] Reading bjobs
[INFO] Reading jobs from bjobs
[INFO] Sleeping for 37 seconds between each update
[UPDATE][69822751] 2018-12-21 15:07:34 nPEND nRUN nDONE nREQUEUE nFAIL =     1     0     0     0     0
[UPDATE][69822751] 2018-12-21 15:08:11 nPEND nRUN nDONE nREQUEUE nFAIL =     0     1     0     0     0
[UPDATE][69822751] 2018-12-21 15:08:48 nPEND nRUN nDONE nREQUEUE nFAIL =     0     0     1     0     0


PS:

Read file </home/cqian/PBMCdemo/scMINER_PBMCdemo/scMINER_MIE_log/PBMCdemo_MIE_Pipeline.err> for stderr output of this job.

