Sender: LSF System <lsfadmin@nodem116>
Subject: Job 71351441[1]: <NaiveT_884_884_156_SJARACNE_Consensus[1-1]> in cluster <hpcf_research_cluster> Done

Job <NaiveT_884_884_156_SJARACNE_Consensus[1-1]> was submitted from host <nodem102> by user <cqian> in cluster <hpcf_research_cluster> at Mon Jan 28 15:42:50 2019.
Job was executed on host(s) <nodem116>, in queue <compbio>, as user <cqian> in cluster <hpcf_research_cluster> at Mon Jan 28 15:42:51 2019.
</home/cqian> was used as the home directory.
</home/cqian/PBMCdemo/Sjaracne> was used as the working directory.
Started at Mon Jan 28 15:42:51 2019.
Terminated at Mon Jan 28 15:43:06 2019.
Results reported at Mon Jan 28 15:43:06 2019.

Your job looked like:

------------------------------------------------------------
# LSBATCH: User input
_phoenix_sub_line_from_cmdfile /home/cqian/PBMCdemo/Sjaracne/NaiveT_884_884_156/tf/scMINER_NaiveT_884_884_156/scMINER_SJARACNE_scripts/03_getconsensusnetwork_NaiveT_884_884_156.sh
------------------------------------------------------------

Successfully completed.

Resource usage summary:

    CPU time :                                   4.43 sec.
    Max Memory :                                 53 MB
    Average Memory :                             52.00 MB
    Total Requested Memory :                     2000.00 MB
    Delta Memory :                               1947.00 MB
    Max Swap :                                   1024 MB
    Max Processes :                              4
    Max Threads :                                20
    Run time :                                   15 sec.
    Turnaround time :                            16 sec.

The output (if any) follows:



PS:

Read file </home/cqian/PBMCdemo/Sjaracne/NaiveT_884_884_156/tf/scMINER_NaiveT_884_884_156/scMINER_SJARACNE_log/NaiveT_884_884_156_SJARACNE_Consensus.71351441.1.err> for stderr output of this job.

