Sender: LSF System <lsfadmin@nodecn214>
Subject: Job 70847800[94]: <CD8em_821_821_89_SJARACNE_Bootstrap[1-100]> in cluster <hpcf_research_cluster> Done

Job <CD8em_821_821_89_SJARACNE_Bootstrap[1-100]> was submitted from host <nodem120> by user <cqian> in cluster <hpcf_research_cluster> at Wed Jan 16 15:27:34 2019.
Job was executed on host(s) <nodecn214>, in queue <compbio>, as user <cqian> in cluster <hpcf_research_cluster> at Wed Jan 16 15:27:45 2019.
</home/cqian> was used as the home directory.
</home/cqian/PBMCdemo/Sjaracne> was used as the working directory.
Started at Wed Jan 16 15:27:45 2019.
Terminated at Wed Jan 16 15:27:49 2019.
Results reported at Wed Jan 16 15:27:49 2019.

Your job looked like:

------------------------------------------------------------
# LSBATCH: User input
_phoenix_sub_line_from_cmdfile /home/cqian/PBMCdemo/Sjaracne/CD8em_821_821_89/tf/scMINER_CD8em_821_821_89/scMINER_SJARACNE_scripts/02_bootstrap_CD8em_821_821_89.sh
------------------------------------------------------------

Successfully completed.

Resource usage summary:

    CPU time :                                   1.08 sec.
    Max Memory :                                 -
    Average Memory :                             -
    Total Requested Memory :                     2000.00 MB
    Delta Memory :                               -
    Max Swap :                                   -
    Max Processes :                              -
    Max Threads :                                -
    Run time :                                   3 sec.
    Turnaround time :                            15 sec.

The output (if any) follows:

Displaying parameters

[PARA] Input file:    /home/cqian/PBMCdemo/Sjaracne//CD8em_821_821_89/CD8em_821_821_89.exp
[PARA] Output file:   /home/cqian/PBMCdemo/Sjaracne//CD8em_821_821_89/tf/scMINER_CD8em_821_821_89/scMINER_SJARACNE_out/CD8em_821_821_89_run_094.adj
[PARA] MI P-value:    1e-07
[PARA] DPI tolerance: 0
[PARA] Subset of probes to reconstruct: /home/cqian/PBMCdemo/Sjaracne//CD8em_821_821_89/tf/CD8em_87_87_89_tf.txt (87)
[PARA] TF annotation list: /home/cqian/PBMCdemo/Sjaracne//CD8em_821_821_89/tf/CD8em_87_87_89_tf.txt (87)
[PARA] Npar limit:    40

[READ] 0 Description lines bypassed.
[READ] P-value columns not found.
Marker No: 821 (821 active), Array No: 89
MI threshold determined for p=1e-07: 0.163424
10%, time: 0
20%, time: 0
30%, time: 0
40%, time: 0
50%, time: 0
60%, time: 0
70%, time: 1
80%, time: 1
90%, time: 1
Gene: 87 Time: 1
[NETWORK] Applying DPI ...
DPI running time is: 0
Writing matrix: /home/cqian/PBMCdemo/Sjaracne//CD8em_821_821_89/tf/scMINER_CD8em_821_821_89/scMINER_SJARACNE_out/CD8em_821_821_89_run_094.adj
Maximum observed npar: 4


PS:

Read file </home/cqian/PBMCdemo/Sjaracne/CD8em_821_821_89/tf/scMINER_CD8em_821_821_89/scMINER_SJARACNE_log/CD8em_821_821_89_SJARACNE_Bootstrap.70847800.94.err> for stderr output of this job.

