Sender: LSF System <lsfadmin@nodem129>
Subject: Job 69823370[16]: <PBMCdemo_MICA_Kmeans.1[1-40]> in cluster <hpcf_research_cluster> Done

Job <PBMCdemo_MICA_Kmeans.1[1-40]> was submitted from host <nodem132> by user <cqian> in cluster <hpcf_research_cluster> at Fri Dec 21 16:00:20 2018.
Job was executed on host(s) <nodem129>, in queue <compbio>, as user <cqian> in cluster <hpcf_research_cluster> at Fri Dec 21 16:00:31 2018.
</home/cqian> was used as the home directory.
</home/cqian/PBMCdemo> was used as the working directory.
Started at Fri Dec 21 16:00:31 2018.
Terminated at Fri Dec 21 16:00:57 2018.
Results reported at Fri Dec 21 16:00:57 2018.

Your job looked like:

------------------------------------------------------------
# LSBATCH: User input
_phoenix_sub_line_from_cmdfile /home/cqian/PBMCdemo/scMINER_PBMCdemo/scMINER_MICA/.tmp/05_Kmeans_PBMCdemo_mds.sh
------------------------------------------------------------

Successfully completed.

Resource usage summary:

    CPU time :                                   412.22 sec.
    Max Memory :                                 163 MB
    Average Memory :                             117.60 MB
    Total Requested Memory :                     2000.00 MB
    Delta Memory :                               1837.00 MB
    Max Swap :                                   2020 MB
    Max Processes :                              4
    Max Threads :                                44
    Run time :                                   26 sec.
    Turnaround time :                            37 sec.

The output (if any) follows:



PS:

Read file </home/cqian/PBMCdemo/scMINER_PBMCdemo/scMINER_MICA/.tmp/.log/PBMCdemo_MICA_Kmeans.1.69823370.16.err> for stderr output of this job.

