Sender: LSF System <lsfadmin@nodem135>
Subject: Job 69823377[4]: <PBMCdemo_MICA_GGplot[1-4]> in cluster <hpcf_research_cluster> Done

Job <PBMCdemo_MICA_GGplot[1-4]> was submitted from host <nodem132> by user <cqian> in cluster <hpcf_research_cluster> at Fri Dec 21 16:03:27 2018.
Job was executed on host(s) <nodem135>, in queue <compbio>, as user <cqian> in cluster <hpcf_research_cluster> at Fri Dec 21 16:03:33 2018.
</home/cqian> was used as the home directory.
</home/cqian/PBMCdemo> was used as the working directory.
Started at Fri Dec 21 16:03:33 2018.
Terminated at Fri Dec 21 16:03:35 2018.
Results reported at Fri Dec 21 16:03:35 2018.

Your job looked like:

------------------------------------------------------------
# LSBATCH: User input
_phoenix_sub_line_from_cmdfile /home/cqian/PBMCdemo/scMINER_PBMCdemo/scMINER_MICA/.tmp/07_GGplot_PBMCdemo_mds.sh
------------------------------------------------------------

Successfully completed.

Resource usage summary:

    CPU time :                                   1.85 sec.
    Max Memory :                                 -
    Average Memory :                             -
    Total Requested Memory :                     2000.00 MB
    Delta Memory :                               -
    Max Swap :                                   -
    Max Processes :                              -
    Max Threads :                                -
    Run time :                                   3 sec.
    Turnaround time :                            8 sec.

The output (if any) follows:



PS:

Read file </home/cqian/PBMCdemo/scMINER_PBMCdemo/scMINER_MICA/.tmp/.log/PBMCdemo_MICA_Ggplot.69823377.4.err> for stderr output of this job.

