Sender: LSF System <lsfadmin@nodem143>
Subject: Job 69822751[1]: <PBMCdemo_MIE_Norm[1-1]> in cluster <hpcf_research_cluster> Done

Job <PBMCdemo_MIE_Norm[1-1]> was submitted from host <nodem132> by user <cqian> in cluster <hpcf_research_cluster> at Fri Dec 21 15:07:34 2018.
Job was executed on host(s) <nodem143>, in queue <compbio>, as user <cqian> in cluster <hpcf_research_cluster> at Fri Dec 21 15:07:54 2018.
</home/cqian> was used as the home directory.
</home/cqian/PBMCdemo> was used as the working directory.
Started at Fri Dec 21 15:07:54 2018.
Terminated at Fri Dec 21 15:08:12 2018.
Results reported at Fri Dec 21 15:08:12 2018.

Your job looked like:

------------------------------------------------------------
# LSBATCH: User input
_phoenix_sub_line_from_cmdfile /home/cqian/PBMCdemo/scMINER_PBMCdemo/scMINER_MIE_scripts/05_Norm_PBMCdemo.sh
------------------------------------------------------------

Successfully completed.

Resource usage summary:

    CPU time :                                   3.50 sec.
    Max Memory :                                 82 MB
    Average Memory :                             57.67 MB
    Total Requested Memory :                     2000.00 MB
    Delta Memory :                               1918.00 MB
    Max Swap :                                   1341 MB
    Max Processes :                              4
    Max Threads :                                20
    Run time :                                   18 sec.
    Turnaround time :                            38 sec.

The output (if any) follows:



PS:

Read file </home/cqian/PBMCdemo/scMINER_PBMCdemo/scMINER_MIE_log/PBMCdemo_MIE_Norm.69822751.1.err> for stderr output of this job.

