Sender: LSF System <lsfadmin@nodem137>
Subject: Job 69822747[1]: <PBMCdemo_MIE_Merge[1-1]> in cluster <hpcf_research_cluster> Done

Job <PBMCdemo_MIE_Merge[1-1]> was submitted from host <nodem132> by user <cqian> in cluster <hpcf_research_cluster> at Fri Dec 21 15:05:49 2018.
Job was executed on host(s) <nodem137>, in queue <compbio>, as user <cqian> in cluster <hpcf_research_cluster> at Fri Dec 21 15:05:56 2018.
</home/cqian> was used as the home directory.
</home/cqian/PBMCdemo> was used as the working directory.
Started at Fri Dec 21 15:05:56 2018.
Terminated at Fri Dec 21 15:06:13 2018.
Results reported at Fri Dec 21 15:06:13 2018.

Your job looked like:

------------------------------------------------------------
# LSBATCH: User input
_phoenix_sub_line_from_cmdfile /home/cqian/PBMCdemo/scMINER_PBMCdemo/scMINER_MIE_scripts/04_Merge_PBMCdemo.sh
------------------------------------------------------------

Successfully completed.

Resource usage summary:

    CPU time :                                   3.54 sec.
    Max Memory :                                 99 MB
    Average Memory :                             72.33 MB
    Total Requested Memory :                     2000.00 MB
    Delta Memory :                               1901.00 MB
    Max Swap :                                   1423 MB
    Max Processes :                              4
    Max Threads :                                20
    Run time :                                   17 sec.
    Turnaround time :                            24 sec.

The output (if any) follows:



PS:

Read file </home/cqian/PBMCdemo/scMINER_PBMCdemo/scMINER_MIE_log/PBMCdemo_MIE_Merge.69822747.1.err> for stderr output of this job.

