Sender: LSF System <lsfadmin@nodem147>
Subject: Job 70847802[50]: <MemoryT_981_981_190_SJARACNE_Bootstrap[1-100]> in cluster <hpcf_research_cluster> Done

Job <MemoryT_981_981_190_SJARACNE_Bootstrap[1-100]> was submitted from host <nodem105> by user <cqian> in cluster <hpcf_research_cluster> at Wed Jan 16 15:27:35 2019.
Job was executed on host(s) <nodem147>, in queue <compbio>, as user <cqian> in cluster <hpcf_research_cluster> at Wed Jan 16 15:27:56 2019.
</home/cqian> was used as the home directory.
</home/cqian/PBMCdemo/Sjaracne> was used as the working directory.
Started at Wed Jan 16 15:27:56 2019.
Terminated at Wed Jan 16 15:28:05 2019.
Results reported at Wed Jan 16 15:28:05 2019.

Your job looked like:

------------------------------------------------------------
# LSBATCH: User input
_phoenix_sub_line_from_cmdfile /home/cqian/PBMCdemo/Sjaracne/MemoryT_981_981_190/tf/scMINER_MemoryT_981_981_190/scMINER_SJARACNE_scripts/02_bootstrap_MemoryT_981_981_190.sh
------------------------------------------------------------

Successfully completed.

Resource usage summary:

    CPU time :                                   3.08 sec.
    Max Memory :                                 10 MB
    Average Memory :                             10.00 MB
    Total Requested Memory :                     2000.00 MB
    Delta Memory :                               1990.00 MB
    Max Swap :                                   253 MB
    Max Processes :                              4
    Max Threads :                                5
    Run time :                                   7 sec.
    Turnaround time :                            30 sec.

The output (if any) follows:

Displaying parameters

[PARA] Input file:    /home/cqian/PBMCdemo/Sjaracne//MemoryT_981_981_190/MemoryT_981_981_190.exp
[PARA] Output file:   /home/cqian/PBMCdemo/Sjaracne//MemoryT_981_981_190/tf/scMINER_MemoryT_981_981_190/scMINER_SJARACNE_out/MemoryT_981_981_190_run_050.adj
[PARA] MI P-value:    1e-07
[PARA] DPI tolerance: 0
[PARA] Subset of probes to reconstruct: /home/cqian/PBMCdemo/Sjaracne//MemoryT_981_981_190/tf/MemoryT_110_110_190_tf.txt (110)
[PARA] TF annotation list: /home/cqian/PBMCdemo/Sjaracne//MemoryT_981_981_190/tf/MemoryT_110_110_190_tf.txt (110)
[PARA] Npar limit:    40

[READ] 0 Description lines bypassed.
[READ] P-value columns not found.
Marker No: 981 (981 active), Array No: 190
MI threshold determined for p=1e-07: 0.101561
10%, time: 0
20%, time: 0
30%, time: 1
40%, time: 1
50%, time: 1
60%, time: 2
70%, time: 2
80%, time: 2
90%, time: 2
100%, time: 3
Gene: 110 Time: 3
[NETWORK] Applying DPI ...
DPI running time is: 0
Writing matrix: /home/cqian/PBMCdemo/Sjaracne//MemoryT_981_981_190/tf/scMINER_MemoryT_981_981_190/scMINER_SJARACNE_out/MemoryT_981_981_190_run_050.adj
Maximum observed npar: 6


PS:

Read file </home/cqian/PBMCdemo/Sjaracne/MemoryT_981_981_190/tf/scMINER_MemoryT_981_981_190/scMINER_SJARACNE_log/MemoryT_981_981_190_SJARACNE_Bootstrap.70847802.50.err> for stderr output of this job.

