Sender: LSF System <lsfadmin@nodem138>
Subject: Job 71351442[1]: <MemoryT_981_981_190_SJARACNE_Consensus[1-1]> in cluster <hpcf_research_cluster> Done

Job <MemoryT_981_981_190_SJARACNE_Consensus[1-1]> was submitted from host <nodem133> by user <cqian> in cluster <hpcf_research_cluster> at Mon Jan 28 15:42:50 2019.
Job was executed on host(s) <nodem138>, in queue <compbio>, as user <cqian> in cluster <hpcf_research_cluster> at Mon Jan 28 15:42:51 2019.
</home/cqian> was used as the home directory.
</home/cqian/PBMCdemo/Sjaracne> was used as the working directory.
Started at Mon Jan 28 15:42:51 2019.
Terminated at Mon Jan 28 15:43:07 2019.
Results reported at Mon Jan 28 15:43:07 2019.

Your job looked like:

------------------------------------------------------------
# LSBATCH: User input
_phoenix_sub_line_from_cmdfile /home/cqian/PBMCdemo/Sjaracne/MemoryT_981_981_190/tf/scMINER_MemoryT_981_981_190/scMINER_SJARACNE_scripts/03_getconsensusnetwork_MemoryT_981_981_190.sh
------------------------------------------------------------

Successfully completed.

Resource usage summary:

    CPU time :                                   5.17 sec.
    Max Memory :                                 59 MB
    Average Memory :                             57.00 MB
    Total Requested Memory :                     2000.00 MB
    Delta Memory :                               1941.00 MB
    Max Swap :                                   1030 MB
    Max Processes :                              4
    Max Threads :                                20
    Run time :                                   15 sec.
    Turnaround time :                            17 sec.

The output (if any) follows:



PS:

Read file </home/cqian/PBMCdemo/Sjaracne/MemoryT_981_981_190/tf/scMINER_MemoryT_981_981_190/scMINER_SJARACNE_log/MemoryT_981_981_190_SJARACNE_Consensus.71351442.1.err> for stderr output of this job.

