Sender: LSF System <lsfadmin@nodem143>
Subject: Job 71351351: <SJARACNe> in cluster <hpcf_research_cluster> Done

Job <SJARACNe> was submitted from host <nodecn203> by user <cqian> in cluster <hpcf_research_cluster> at Mon Jan 28 15:40:58 2019.
Job was executed on host(s) <nodem143>, in queue <pcgp>, as user <cqian> in cluster <hpcf_research_cluster> at Mon Jan 28 15:40:59 2019.
</home/cqian> was used as the home directory.
</home/cqian/PBMCdemo/Sjaracne> was used as the working directory.
Started at Mon Jan 28 15:40:59 2019.
Terminated at Mon Jan 28 15:41:07 2019.
Results reported at Mon Jan 28 15:41:07 2019.

Your job looked like:

------------------------------------------------------------
# LSBATCH: User input
#BSUB -P pbmc
#BSUB -M 24000
#BSUB -J SJARACNe
#BSUB -oo ZeroFiltered.out -eo ZeroFiltered.err
#BSUB -q pcgp

module load python/3.6.1

export PYTHON_PATH=/hpcf/apps/python/install/3.6.1/bin/python3.6
export scMINER_PATH=/research/projects/yu3grp/scRNASeq/yu3grp/TracyQian/scMINER/scMINER-master/

scMINER=/research/projects/yu3grp/scRNASeq/yu3grp/TracyQian/scMINER/scMINER-master/scMINER.py
indir=~/PBMCdemo/Sjaracne/

for i in $(ls -d */ | cut -f1 -d'/');do
python3 $scMINER SJARACNE ${i} $indir/${i}/*.exp $indir/${i}/tf/*.txt $indir/${i}/tf/ --c_threshold 0.01;
echo ${i} has been submitted!;
done



------------------------------------------------------------

Successfully completed.

Resource usage summary:

    CPU time :                                   0.49 sec.
    Max Memory :                                 -
    Average Memory :                             -
    Total Requested Memory :                     24000.00 MB
    Delta Memory :                               -
    Max Swap :                                   -
    Max Processes :                              -
    Max Threads :                                -
    Run time :                                   8 sec.
    Turnaround time :                            9 sec.

The output (if any) follows:

[INFO] --> [MAIN] Finished.
CD8eff_726_726_65 has been submitted!
[INFO] --> [MAIN] Finished.
CD8em_821_821_89 has been submitted!
[INFO] --> [MAIN] Finished.
MemoryT_981_981_190 has been submitted!
[INFO] --> [MAIN] Finished.
NaiveT_884_884_156 has been submitted!
[INFO] --> [ARCN] Finished.
[INFO] --> [ARCN] Finished.
[INFO] --> [ARCN] Finished.
[INFO] --> [ARCN] Finished.
Job <71351352> is submitted to queue <compbio>.
Job <71351353> is submitted to queue <compbio>.
Job <71351354> is submitted to queue <compbio>.
Job <71351355> is submitted to queue <compbio>.


PS:

Read file <ZeroFiltered.err> for stderr output of this job.

