Sender: LSF System <lsfadmin@nodem126>
Subject: Job 70847803[47]: <NaiveT_884_884_156_SJARACNE_Bootstrap[1-100]> in cluster <hpcf_research_cluster> Done

Job <NaiveT_884_884_156_SJARACNE_Bootstrap[1-100]> was submitted from host <nodem102> by user <cqian> in cluster <hpcf_research_cluster> at Wed Jan 16 15:27:36 2019.
Job was executed on host(s) <nodem126>, in queue <compbio>, as user <cqian> in cluster <hpcf_research_cluster> at Wed Jan 16 15:28:06 2019.
</home/cqian> was used as the home directory.
</home/cqian/PBMCdemo/Sjaracne> was used as the working directory.
Started at Wed Jan 16 15:28:06 2019.
Terminated at Wed Jan 16 15:28:15 2019.
Results reported at Wed Jan 16 15:28:15 2019.

Your job looked like:

------------------------------------------------------------
# LSBATCH: User input
_phoenix_sub_line_from_cmdfile /home/cqian/PBMCdemo/Sjaracne/NaiveT_884_884_156/tf/scMINER_NaiveT_884_884_156/scMINER_SJARACNE_scripts/02_bootstrap_NaiveT_884_884_156.sh
------------------------------------------------------------

Successfully completed.

Resource usage summary:

    CPU time :                                   1.95 sec.
    Max Memory :                                 2 MB
    Average Memory :                             2.00 MB
    Total Requested Memory :                     2000.00 MB
    Delta Memory :                               1998.00 MB
    Max Swap :                                   43 MB
    Max Processes :                              1
    Max Threads :                                1
    Run time :                                   7 sec.
    Turnaround time :                            39 sec.

The output (if any) follows:

Displaying parameters

[PARA] Input file:    /home/cqian/PBMCdemo/Sjaracne//NaiveT_884_884_156/NaiveT_884_884_156.exp
[PARA] Output file:   /home/cqian/PBMCdemo/Sjaracne//NaiveT_884_884_156/tf/scMINER_NaiveT_884_884_156/scMINER_SJARACNE_out/NaiveT_884_884_156_run_047.adj
[PARA] MI P-value:    1e-07
[PARA] DPI tolerance: 0
[PARA] Subset of probes to reconstruct: /home/cqian/PBMCdemo/Sjaracne//NaiveT_884_884_156/tf/NaiveT_92_92_156_tf.txt (92)
[PARA] TF annotation list: /home/cqian/PBMCdemo/Sjaracne//NaiveT_884_884_156/tf/NaiveT_92_92_156_tf.txt (92)
[PARA] Npar limit:    40

[READ] 0 Description lines bypassed.
[READ] P-value columns not found.
Marker No: 884 (884 active), Array No: 156
MI threshold determined for p=1e-07: 0.116393
10%, time: 0
20%, time: 0
30%, time: 0
40%, time: 0
50%, time: 1
60%, time: 1
70%, time: 1
80%, time: 1
90%, time: 1
Gene: 92 Time: 1
[NETWORK] Applying DPI ...
DPI running time is: 0
Writing matrix: /home/cqian/PBMCdemo/Sjaracne//NaiveT_884_884_156/tf/scMINER_NaiveT_884_884_156/scMINER_SJARACNE_out/NaiveT_884_884_156_run_047.adj
Maximum observed npar: 6


PS:

Read file </home/cqian/PBMCdemo/Sjaracne/NaiveT_884_884_156/tf/scMINER_NaiveT_884_884_156/scMINER_SJARACNE_log/NaiveT_884_884_156_SJARACNE_Bootstrap.70847803.47.err> for stderr output of this job.

