Sender: LSF System <lsfadmin@nodem150>
Subject: Job 71351750[1]: <NaiveT_884_884_156_SJARACNE_Enhanced[1-1]> in cluster <hpcf_research_cluster> Done

Job <NaiveT_884_884_156_SJARACNE_Enhanced[1-1]> was submitted from host <nodem102> by user <cqian> in cluster <hpcf_research_cluster> at Mon Jan 28 15:44:35 2019.
Job was executed on host(s) <nodem150>, in queue <compbio>, as user <cqian> in cluster <hpcf_research_cluster> at Mon Jan 28 15:44:37 2019.
</home/cqian> was used as the home directory.
</home/cqian/PBMCdemo/Sjaracne> was used as the working directory.
Started at Mon Jan 28 15:44:37 2019.
Terminated at Mon Jan 28 15:44:49 2019.
Results reported at Mon Jan 28 15:44:49 2019.

Your job looked like:

------------------------------------------------------------
# LSBATCH: User input
_phoenix_sub_line_from_cmdfile /home/cqian/PBMCdemo/Sjaracne/NaiveT_884_884_156/tf/scMINER_NaiveT_884_884_156/scMINER_SJARACNE_scripts/04_getenhancedconsensusnetwork_NaiveT_884_884_156.sh
------------------------------------------------------------

Successfully completed.

Resource usage summary:

    CPU time :                                   5.28 sec.
    Max Memory :                                 84 MB
    Average Memory :                             71.50 MB
    Total Requested Memory :                     2000.00 MB
    Delta Memory :                               1916.00 MB
    Max Swap :                                   1303 MB
    Max Processes :                              4
    Max Threads :                                20
    Run time :                                   12 sec.
    Turnaround time :                            14 sec.

The output (if any) follows:



PS:

Read file </home/cqian/PBMCdemo/Sjaracne/NaiveT_884_884_156/tf/scMINER_NaiveT_884_884_156/scMINER_SJARACNE_log/NaiveT_884_884_156_SJARACNE_Enhanced.71351750.1.err> for stderr output of this job.

