Sender: LSF System <lsfadmin@nodecn215>
Subject: Job 70847805[1]: <CD8eff_726_726_65_SJARACNE_Consensus[1-1]> in cluster <hpcf_research_cluster> Done

Job <CD8eff_726_726_65_SJARACNE_Consensus[1-1]> was submitted from host <nodem146> by user <cqian> in cluster <hpcf_research_cluster> at Wed Jan 16 15:28:06 2019.
Job was executed on host(s) <nodecn215>, in queue <compbio>, as user <cqian> in cluster <hpcf_research_cluster> at Wed Jan 16 15:28:08 2019.
</home/cqian> was used as the home directory.
</home/cqian/PBMCdemo/Sjaracne> was used as the working directory.
Started at Wed Jan 16 15:28:08 2019.
Terminated at Wed Jan 16 15:28:24 2019.
Results reported at Wed Jan 16 15:28:24 2019.

Your job looked like:

------------------------------------------------------------
# LSBATCH: User input
_phoenix_sub_line_from_cmdfile /home/cqian/PBMCdemo/Sjaracne/CD8eff_726_726_65/tf/scMINER_CD8eff_726_726_65/scMINER_SJARACNE_scripts/03_getconsensusnetwork_CD8eff_726_726_65.sh
------------------------------------------------------------

Successfully completed.

Resource usage summary:

    CPU time :                                   3.73 sec.
    Max Memory :                                 43 MB
    Average Memory :                             42.50 MB
    Total Requested Memory :                     2000.00 MB
    Delta Memory :                               1957.00 MB
    Max Swap :                                   1428 MB
    Max Processes :                              4
    Max Threads :                                32
    Run time :                                   16 sec.
    Turnaround time :                            18 sec.

The output (if any) follows:



PS:

Read file </home/cqian/PBMCdemo/Sjaracne/CD8eff_726_726_65/tf/scMINER_CD8eff_726_726_65/scMINER_SJARACNE_log/CD8eff_726_726_65_SJARACNE_Consensus.70847805.1.err> for stderr output of this job.

