Sender: LSF System <lsfadmin@nodem108>
Subject: Job 70847804[1]: <CD8em_821_821_89_SJARACNE_Consensus[1-1]> in cluster <hpcf_research_cluster> Done

Job <CD8em_821_821_89_SJARACNE_Consensus[1-1]> was submitted from host <nodem120> by user <cqian> in cluster <hpcf_research_cluster> at Wed Jan 16 15:28:06 2019.
Job was executed on host(s) <nodem108>, in queue <compbio>, as user <cqian> in cluster <hpcf_research_cluster> at Wed Jan 16 15:28:08 2019.
</home/cqian> was used as the home directory.
</home/cqian/PBMCdemo/Sjaracne> was used as the working directory.
Started at Wed Jan 16 15:28:08 2019.
Terminated at Wed Jan 16 15:28:24 2019.
Results reported at Wed Jan 16 15:28:24 2019.

Your job looked like:

------------------------------------------------------------
# LSBATCH: User input
_phoenix_sub_line_from_cmdfile /home/cqian/PBMCdemo/Sjaracne/CD8em_821_821_89/tf/scMINER_CD8em_821_821_89/scMINER_SJARACNE_scripts/03_getconsensusnetwork_CD8em_821_821_89.sh
------------------------------------------------------------

Successfully completed.

Resource usage summary:

    CPU time :                                   3.86 sec.
    Max Memory :                                 47 MB
    Average Memory :                             47.00 MB
    Total Requested Memory :                     2000.00 MB
    Delta Memory :                               1953.00 MB
    Max Swap :                                   1023 MB
    Max Processes :                              4
    Max Threads :                                20
    Run time :                                   16 sec.
    Turnaround time :                            18 sec.

The output (if any) follows:



PS:

Read file </home/cqian/PBMCdemo/Sjaracne/CD8em_821_821_89/tf/scMINER_CD8em_821_821_89/scMINER_SJARACNE_log/CD8em_821_821_89_SJARACNE_Consensus.70847804.1.err> for stderr output of this job.

